<?xml version="1.0" encoding="UTF-8"?>
<!-- Generated by org.testng.reporters.JUnitReportReporter -->
<testsuite hostname="Biswajit-PC" name="com.webtek.test.SanityTest1" tests="7" failures="0" timestamp="18 May 2015 10:45:09 GMT" time="109.248" errors="0">
  <testcase name="userSignUp" time="2.015" classname="com.webtek.test.SanityTest1"/>
  <testcase name="userSignUp" time="2.011" classname="com.webtek.test.SanityTest1"/>
  <testcase name="userSignUp" time="98.150" classname="com.webtek.test.SanityTest1"/>
  <testcase name="userSignUp" time="2.020" classname="com.webtek.test.SanityTest1"/>
  <testcase name="userSignUp" time="2.029" classname="com.webtek.test.SanityTest1"/>
  <testcase name="signUser" time="1.006" classname="com.webtek.test.SanityTest1"/>
  <testcase name="userSignUp" time="2.017" classname="com.webtek.test.SanityTest1"/>
</testsuite> <!-- com.webtek.test.SanityTest1 -->
